#
# There is insufficient memory for the Java Runtime Environment to continue.
# Native memory allocation (mmap) failed to map 132120576 bytes for Failed to commit area from 0x0000000082a00000 to 0x000000008a800000 of length 132120576.
# Possible reasons:
#   The system is out of physical RAM or swap space
#   The process is running with CompressedOops enabled, and the Java Heap may be blocking the growth of the native heap
# Possible solutions:
#   Reduce memory load on the system
#   Increase physical memory or swap space
#   Check if swap backing store is full
#   Decrease Java heap size (-Xmx/-Xms)
#   Decrease number of Java threads
#   Decrease Java thread stack sizes (-Xss)
#   Set larger code cache with -XX:ReservedCodeCacheSize=
#   JVM is running with Unscaled Compressed Oops mode in which the Java heap is
#     placed in the first 4GB address space. The Java Heap base address is the
#     maximum limit for the native heap growth. Please use -XX:HeapBaseMinAddress
#     to set the Java Heap base and to place the Java Heap above 4GB virtual address.
# This output file may be truncated or incomplete.
#
#  Out of Memory Error (./open/src/hotspot/os/windows/os_windows.cpp:3315), pid=4672, tid=2628
#
# JRE version:  (14.0.1+7) (build )
# Java VM: OpenJDK 64-Bit Server VM (14.0.1+7, mixed mode, sharing, tiered, compressed oops, g1 gc, windows-amd64)
# No core dump will be written. Minidumps are not enabled by default on client versions of Windows
#

---------------  S U M M A R Y ------------

Command Line: C:\Users\Win10Pro\AppData\Local\Temp\surefire13060099651179680713\surefirebooter11672119554618866705.jar C:\Users\Win10Pro\AppData\Local\Temp\surefire13060099651179680713 2022-07-08T22-21-08_327-jvmRun1 surefire10369167886258324730tmp surefire_03239452146833202218tmp

Host: Intel(R) Core(TM) i5-8250U CPU @ 1.60GHz, 8 cores, 7G,  Windows 10 , 64 bit Build 19041 (10.0.19041.1566)
Time: Fri Jul  8 22:21:08 2022 Західна Європа (літо) elapsed time: 0 seconds (0d 0h 0m 0s)

---------------  T H R E A D  ---------------

Current thread (0x00000224f717a000):  JavaThread "Unknown thread" [_thread_in_vm, id=2628, stack(0x000000b29a800000,0x000000b29a900000)]

Stack: [0x000000b29a800000,0x000000b29a900000]
Native frames: (J=compiled Java code, j=interpreted, Vv=VM code, C=native code)
V  [jvm.dll+0x5f840a]
V  [jvm.dll+0x741e4a]
V  [jvm.dll+0x7435ff]
V  [jvm.dll+0x743c43]
V  [jvm.dll+0x20d288]
V  [jvm.dll+0x5f57ba]
V  [jvm.dll+0x5ea615]
V  [jvm.dll+0x2c7e9c]
V  [jvm.dll+0x2c7cd2]
V  [jvm.dll+0x2cdbbc]
V  [jvm.dll+0x313ff8]
V  [jvm.dll+0x313720]
V  [jvm.dll+0x2a092a]
V  [jvm.dll+0x2a1a79]
V  [jvm.dll+0x71f718]
V  [jvm.dll+0x321c44]
V  [jvm.dll+0x700b0c]
V  [jvm.dll+0x392dff]
V  [jvm.dll+0x394e71]
C  [jli.dll+0x523b]
C  [ucrtbase.dll+0x21bb2]
C  [KERNEL32.DLL+0x17034]
C  [ntdll.dll+0x52651]


---------------  P R O C E S S  ---------------

Threads class SMR info:
_java_thread_list=0x00007fff67e33078, length=0, elements={
}

Java Threads: ( => current thread )

Other Threads:
  0x00000224f71bd000 GCTaskThread "GC Thread#0" [stack: 0x000000b29a900000,0x000000b29aa00000] [id=7552]
  0x00000224f71ce000 ConcurrentGCThread "G1 Main Marker" [stack: 0x000000b29aa00000,0x000000b29ab00000] [id=11092]
  0x00000224f71d2000 ConcurrentGCThread "G1 Conc#0" [stack: 0x000000b29ab00000,0x000000b29ac00000] [id=3532]

[error occurred during error reporting (printing all threads), id 0xc0000005, EXCEPTION_ACCESS_VIOLATION (0xc0000005) at pc=0x00007fff67661257]

VM state:not at safepoint (not fully initialized)

VM Mutex/Monitor currently owned by a thread:  ([mutex/lock_event])
[0x00000224f7175800] Heap_lock - owner thread: 0x00000224f717a000

Heap address: 0x0000000082a00000, size: 2006 MB, Compressed Oops mode: 32-bit
Narrow klass base: 0x0000000000000000, Narrow klass shift: 0

GC Heap History (0 events):
No events

Deoptimization events (0 events):
No events

Classes unloaded (0 events):
No events

Classes redefined (0 events):
No events

Internal exceptions (0 events):
No events

Events (2 events):
Event: 0.006 Loaded shared library C:\Program Files\Java\jdk-14.0.1\bin\java.dll
Event: 0.006 Loaded shared library C:\Program Files\Java\jdk-14.0.1\bin\zip.dll


Dynamic libraries:
0x00007ff65b4e0000 - 0x00007ff65b4ed000 	C:\Program Files\Java\jdk-14.0.1\bin\java.exe
0x00007fff9e050000 - 0x00007fff9e245000 	C:\WINDOWS\SYSTEM32\ntdll.dll
0x00007fff9cc60000 - 0x00007fff9cd1e000 	C:\WINDOWS\System32\KERNEL32.DLL
0x00007fff9b7a0000 - 0x00007fff9ba68000 	C:\WINDOWS\System32\KERNELBASE.dll
0x00007fff9bb90000 - 0x00007fff9bc90000 	C:\WINDOWS\System32\ucrtbase.dll
0x00007fff95440000 - 0x00007fff95455000 	C:\Program Files\Java\jdk-14.0.1\bin\VCRUNTIME140.dll
0x00007fff95380000 - 0x00007fff95398000 	C:\Program Files\Java\jdk-14.0.1\bin\jli.dll
0x00007fff9d6a0000 - 0x00007fff9d840000 	C:\WINDOWS\System32\USER32.dll
0x00007fff84940000 - 0x00007fff84bda000 	C:\WINDOWS\WinSxS\amd64_microsoft.windows.common-controls_6595b64144ccf1df_6.0.19041.1110_none_60b5254171f9507e\COMCTL32.dll
0x00007fff9b770000 - 0x00007fff9b792000 	C:\WINDOWS\System32\win32u.dll
0x00007fff9ced0000 - 0x00007fff9cf6e000 	C:\WINDOWS\System32\msvcrt.dll
0x00007fff9d5a0000 - 0x00007fff9d5cb000 	C:\WINDOWS\System32\GDI32.dll
0x00007fff9bd30000 - 0x00007fff9be3b000 	C:\WINDOWS\System32\gdi32full.dll
0x00007fff9bc90000 - 0x00007fff9bd2d000 	C:\WINDOWS\System32\msvcp_win.dll
0x00007fff9c130000 - 0x00007fff9c160000 	C:\WINDOWS\System32\IMM32.DLL
0x00007fff7d980000 - 0x00007fff7da1b000 	C:\Program Files\Java\jdk-14.0.1\bin\msvcp140.dll
0x00007fff673b0000 - 0x00007fff67ece000 	C:\Program Files\Java\jdk-14.0.1\bin\server\jvm.dll
0x00007fff9cf70000 - 0x00007fff9d01e000 	C:\WINDOWS\System32\ADVAPI32.dll
0x00007fff9cb40000 - 0x00007fff9cbdc000 	C:\WINDOWS\System32\sechost.dll
0x00007fff9c280000 - 0x00007fff9c3a5000 	C:\WINDOWS\System32\RPCRT4.dll
0x00007fff9d020000 - 0x00007fff9d028000 	C:\WINDOWS\System32\PSAPI.DLL
0x00007fff87070000 - 0x00007fff87097000 	C:\WINDOWS\SYSTEM32\WINMM.dll
0x00007fff7cf10000 - 0x00007fff7cf19000 	C:\WINDOWS\SYSTEM32\WSOCK32.dll
0x00007fff93610000 - 0x00007fff9361a000 	C:\WINDOWS\SYSTEM32\VERSION.dll
0x00007fff9cd20000 - 0x00007fff9cd8b000 	C:\WINDOWS\System32\WS2_32.dll
0x00007fff99fd0000 - 0x00007fff99fe2000 	C:\WINDOWS\SYSTEM32\kernel.appcore.dll
0x00007fff951b0000 - 0x00007fff951ba000 	C:\Program Files\Java\jdk-14.0.1\bin\jimage.dll
0x00007fff99550000 - 0x00007fff99734000 	C:\WINDOWS\SYSTEM32\DBGHELP.DLL
0x00007fff86590000 - 0x00007fff865bc000 	C:\WINDOWS\SYSTEM32\dbgcore.DLL
0x00007fff9be90000 - 0x00007fff9bf12000 	C:\WINDOWS\System32\bcryptPrimitives.dll
0x00007fff94d20000 - 0x00007fff94d45000 	C:\Program Files\Java\jdk-14.0.1\bin\java.dll
0x00007fff95150000 - 0x00007fff95166000 	C:\Program Files\Java\jdk-14.0.1\bin\zip.dll

dbghelp: loaded successfully - version: 4.0.5 - missing functions: none
symbol engine: initialized successfully - sym options: 0x614 - pdb path: .;C:\Program Files\Java\jdk-14.0.1\bin;C:\WINDOWS\SYSTEM32;C:\WINDOWS\WinSxS\amd64_microsoft.windows.common-controls_6595b64144ccf1df_6.0.19041.1110_none_60b5254171f9507e;C:\Program Files\Java\jdk-14.0.1\bin\server

VM Arguments:
java_command: C:\Users\Win10Pro\AppData\Local\Temp\surefire13060099651179680713\surefirebooter11672119554618866705.jar C:\Users\Win10Pro\AppData\Local\Temp\surefire13060099651179680713 2022-07-08T22-21-08_327-jvmRun1 surefire10369167886258324730tmp surefire_03239452146833202218tmp
java_class_path (initial): C:\Users\Win10Pro\AppData\Local\Temp\surefire13060099651179680713\surefirebooter11672119554618866705.jar
Launcher Type: SUN_STANDARD

[Global flags]
     intx CICompilerCount                          = 4                                         {product} {ergonomic}
     uint ConcGCThreads                            = 2                                         {product} {ergonomic}
     uint G1ConcRefinementThreads                  = 8                                         {product} {ergonomic}
   size_t G1HeapRegionSize                         = 1048576                                   {product} {ergonomic}
    uintx GCDrainStackTargetSize                   = 64                                        {product} {ergonomic}
   size_t InitialHeapSize                          = 132120576                                 {product} {ergonomic}
   size_t MarkStackSize                            = 4194304                                   {product} {ergonomic}
   size_t MaxHeapSize                              = 2103443456                                {product} {ergonomic}
   size_t MinHeapDeltaBytes                        = 1048576                                   {product} {ergonomic}
   size_t MinHeapSize                              = 8388608                                   {product} {ergonomic}
    uintx NonNMethodCodeHeapSize                   = 5839372                                {pd product} {ergonomic}
    uintx NonProfiledCodeHeapSize                  = 122909434                              {pd product} {ergonomic}
    uintx ProfiledCodeHeapSize                     = 122909434                              {pd product} {ergonomic}
    uintx ReservedCodeCacheSize                    = 251658240                              {pd product} {ergonomic}
     bool SegmentedCodeCache                       = true                                      {product} {ergonomic}
   size_t SoftMaxHeapSize                          = 2103443456                             {manageable} {ergonomic}
     bool UseCompressedClassPointers               = true                                 {lp64_product} {ergonomic}
     bool UseCompressedOops                        = true                                 {lp64_product} {ergonomic}
     bool UseG1GC                                  = true                                      {product} {ergonomic}
     bool UseLargePagesIndividualAllocation        = false                                  {pd product} {ergonomic}

Logging:
Log output configuration:
 #0: stdout all=warning uptime,level,tags
 #1: stderr all=off uptime,level,tags

Environment Variables:
JAVA_HOME=C:\Program Files\Java\jdk-14.0.1
PATH=C:\Program Files\Common Files\Oracle\Java\javapath;"C:\Program Files (x86)\Common Files\Oracle\Java\javapath;C:\Program Files\Java\jdk-14.0.1";C:\WINDOWS\system32;C:\WINDOWS;C:\WINDOWS\System32\Wbem;C:\WINDOWS\System32\WindowsPowerShell\v1.0\;C:\WINDOWS\System32\OpenSSH\;C:\Program Files\Visual Studio\bin;C:\Program Files\Maven\apache-maven-3.8.1\bin;C:\Program Files\Git\cmd;C:\ProgramData\chocolatey\bin;C:\Program Files\nodejs\;C:\Users\Win10Pro\apache-maven-3.8.5\bin;C:\Users\Win10Pro\apache-maven-3.8.5\bin;C:\Program Files\MySQL\MySQL Shell 8.0\bin\;C:\Users\Win10Pro\AppData\Local\Microsoft\WindowsApps;C:\Program Files\JetBrains\IntelliJ IDEA Community Edition 2019.3.4\bin;C:\Users\Win10Pro\AppData\Roaming\cabal\bin;C:\tools\ghc-9.0.1\bin;C:\tools\msys64;C:\Users\Win10Pro\AppData\Roaming\npm;C:\Program Files\SWI-Prolog\bin;C:\Users\Win10Pro\AppData\Local\Microsoft\WindowsApps;C:\Program Files\Maven\apache-maven-3.8.6\bin;C:\Program Files\Gradle\gradle-7.4.2\bin;
USERNAME=Win10Pro
OS=Windows_NT
PROCESSOR_IDENTIFIER=Intel64 Family 6 Model 142 Stepping 10, GenuineIntel



---------------  S Y S T E M  ---------------

OS: Windows 10 , 64 bit Build 19041 (10.0.19041.1566)
OS uptime: 21 days 12:34 hours
HyperV virtualization detected

CPU:total 8 (initial active 8) (4 cores per cpu, 2 threads per core) family 6 model 142 stepping 10, cmov, cx8, fxsr, mmx, sse, sse2, sse3, ssse3, sse4.1, sse4.2, popcnt, avx, avx2, aes, clmul, erms, 3dnowpref, lzcnt, ht, tsc, tscinvbit, bmi1, bmi2, adx, fma

Memory: 4k page, system-wide physical 8023M (915M free)
TotalPageFile size 10071M (AvailPageFile size 120M)
current process WorkingSet (physical memory assigned to process): 10M, peak: 10M
current process commit charge ("private bytes"): 60M, peak: 186M

vm_info: OpenJDK 64-Bit Server VM (14.0.1+7) for windows-amd64 JRE (14.0.1+7), built on Mar  5 2020 10:30:04 by "mach5one" with MS VC++ 15.9 (VS2017)

END.
